ERROR - 2024-07-10 09:59:01 --> Error connecting to the database: mysqli_sql_exception: No connection could be made because the target machine actively refused it in C:\Users\SITI NURWAHIDAH\Downloads\sitin-ci4\sitin-ci4\system\Database\MySQLi\Connection.php:173
Stack trace:
#0 C:\Users\SITI NURWAHIDAH\Downloads\sitin-ci4\sitin-ci4\system\Database\MySQLi\Connection.php(173): mysqli->real_connect('localhost', 'root', Object(SensitiveParameterValue), 'ci4', 3306, '', 0)
#1 C:\Users\SITI NURWAHIDAH\Downloads\sitin-ci4\sitin-ci4\system\Database\BaseConnection.php(391): CodeIgniter\Database\MySQLi\Connection->connect(false)
#2 C:\Users\SITI NURWAHIDAH\Downloads\sitin-ci4\sitin-ci4\system\Database\BaseConnection.php(574): CodeIgniter\Database\BaseConnection->initialize()
#3 C:\Users\SITI NURWAHIDAH\Downloads\sitin-ci4\sitin-ci4\system\Database\BaseBuilder.php(1616): CodeIgniter\Database\BaseConnection->query('SELECT *\nFROM `...', Array, false)
#4 C:\Users\SITI NURWAHIDAH\Downloads\sitin-ci4\sitin-ci4\system\Model.php(241): CodeIgniter\Database\BaseBuilder->get()
#5 C:\Users\SITI NURWAHIDAH\Downloads\sitin-ci4\sitin-ci4\system\BaseModel.php(618): CodeIgniter\Model->doFindAll(0, 0)
#6 C:\Users\SITI NURWAHIDAH\Downloads\sitin-ci4\sitin-ci4\app\Controllers\TaskController.php(12): CodeIgniter\BaseModel->findAll()
#7 C:\Users\SITI NURWAHIDAH\Downloads\sitin-ci4\sitin-ci4\system\CodeIgniter.php(932): App\Controllers\TaskController->index()
#8 C:\Users\SITI NURWAHIDAH\Downloads\sitin-ci4\sitin-ci4\system\CodeIgniter.php(497): CodeIgniter\CodeIgniter->runController(Object(App\Controllers\TaskController))
#9 C:\Users\SITI NURWAHIDAH\Downloads\sitin-ci4\sitin-ci4\system\CodeIgniter.php(366): CodeIgniter\CodeIgniter->handleRequest(NULL, Object(Config\Cache), false)
#10 C:\Users\SITI NURWAHIDAH\Downloads\sitin-ci4\sitin-ci4\public\index.php(67): CodeIgniter\CodeIgniter->run()
#11 C:\Users\SITI NURWAHIDAH\Downloads\sitin-ci4\sitin-ci4\system\Commands\Server\rewrite.php(47): require_once('C:\\Users\\SITI N...')
#12 {main}

Next CodeIgniter\Database\Exceptions\DatabaseException: No connection could be made because the target machine actively refused it in C:\Users\SITI NURWAHIDAH\Downloads\sitin-ci4\sitin-ci4\system\Database\MySQLi\Connection.php:218
Stack trace:
#0 C:\Users\SITI NURWAHIDAH\Downloads\sitin-ci4\sitin-ci4\system\Database\BaseConnection.php(391): CodeIgniter\Database\MySQLi\Connection->connect(false)
#1 C:\Users\SITI NURWAHIDAH\Downloads\sitin-ci4\sitin-ci4\system\Database\BaseConnection.php(574): CodeIgniter\Database\BaseConnection->initialize()
#2 C:\Users\SITI NURWAHIDAH\Downloads\sitin-ci4\sitin-ci4\system\Database\BaseBuilder.php(1616): CodeIgniter\Database\BaseConnection->query('SELECT *\nFROM `...', Array, false)
#3 C:\Users\SITI NURWAHIDAH\Downloads\sitin-ci4\sitin-ci4\system\Model.php(241): CodeIgniter\Database\BaseBuilder->get()
#4 C:\Users\SITI NURWAHIDAH\Downloads\sitin-ci4\sitin-ci4\system\BaseModel.php(618): CodeIgniter\Model->doFindAll(0, 0)
#5 C:\Users\SITI NURWAHIDAH\Downloads\sitin-ci4\sitin-ci4\app\Controllers\TaskController.php(12): CodeIgniter\BaseModel->findAll()
#6 C:\Users\SITI NURWAHIDAH\Downloads\sitin-ci4\sitin-ci4\system\CodeIgniter.php(932): App\Controllers\TaskController->index()
#7 C:\Users\SITI NURWAHIDAH\Downloads\sitin-ci4\sitin-ci4\system\CodeIgniter.php(497): CodeIgniter\CodeIgniter->runController(Object(App\Controllers\TaskController))
#8 C:\Users\SITI NURWAHIDAH\Downloads\sitin-ci4\sitin-ci4\system\CodeIgniter.php(366): CodeIgniter\CodeIgniter->handleRequest(NULL, Object(Config\Cache), false)
#9 C:\Users\SITI NURWAHIDAH\Downloads\sitin-ci4\sitin-ci4\public\index.php(67): CodeIgniter\CodeIgniter->run()
#10 C:\Users\SITI NURWAHIDAH\Downloads\sitin-ci4\sitin-ci4\system\Commands\Server\rewrite.php(47): require_once('C:\\Users\\SITI N...')
#11 {main}
CRITICAL - 2024-07-10 09:59:01 --> Unable to connect to the database.
Main connection [MySQLi]: No connection could be made because the target machine actively refused it
in SYSTEMPATH\Database\BaseConnection.php on line 427.
 1 SYSTEMPATH\Database\BaseConnection.php(574): CodeIgniter\Database\BaseConnection->initialize()
 2 SYSTEMPATH\Database\BaseBuilder.php(1616): CodeIgniter\Database\BaseConnection->query('SELECT *
FROM `tasks`', [], false)
 3 SYSTEMPATH\Model.php(241): CodeIgniter\Database\BaseBuilder->get()
 4 SYSTEMPATH\BaseModel.php(618): CodeIgniter\Model->doFindAll(0, 0)
 5 APPPATH\Controllers\TaskController.php(12): CodeIgniter\BaseModel->findAll()
 6 SYSTEMPATH\CodeIgniter.php(932): App\Controllers\TaskController->index()
 7 SYSTEMPATH\CodeIgniter.php(497): CodeIgniter\CodeIgniter->runController(Object(App\Controllers\TaskController))
 8 SYSTEMPATH\CodeIgniter.php(366): CodeIgniter\CodeIgniter->handleRequest(null, Object(Config\Cache), false)
 9 FCPATH\index.php(67): CodeIgniter\CodeIgniter->run()
10 SYSTEMPATH\Commands\Server\rewrite.php(47): require_once('C:\\Users\\SITI NURWAHIDAH\\Downloads\\sitin-ci4\\sitin-ci4\\public\\index.php')
ERROR - 2024-07-10 10:01:32 --> Error connecting to the database: mysqli_sql_exception: No connection could be made because the target machine actively refused it in C:\Users\SITI NURWAHIDAH\Downloads\sitin-ci4\sitin-ci4\system\Database\MySQLi\Connection.php:173
Stack trace:
#0 C:\Users\SITI NURWAHIDAH\Downloads\sitin-ci4\sitin-ci4\system\Database\MySQLi\Connection.php(173): mysqli->real_connect('localhost', 'root', Object(SensitiveParameterValue), 'ci4', 3306, '', 0)
#1 C:\Users\SITI NURWAHIDAH\Downloads\sitin-ci4\sitin-ci4\system\Database\BaseConnection.php(391): CodeIgniter\Database\MySQLi\Connection->connect(false)
#2 C:\Users\SITI NURWAHIDAH\Downloads\sitin-ci4\sitin-ci4\system\Database\BaseConnection.php(574): CodeIgniter\Database\BaseConnection->initialize()
#3 C:\Users\SITI NURWAHIDAH\Downloads\sitin-ci4\sitin-ci4\system\Database\BaseBuilder.php(1616): CodeIgniter\Database\BaseConnection->query('SELECT *\nFROM `...', Array, false)
#4 C:\Users\SITI NURWAHIDAH\Downloads\sitin-ci4\sitin-ci4\system\Model.php(241): CodeIgniter\Database\BaseBuilder->get()
#5 C:\Users\SITI NURWAHIDAH\Downloads\sitin-ci4\sitin-ci4\system\BaseModel.php(618): CodeIgniter\Model->doFindAll(0, 0)
#6 C:\Users\SITI NURWAHIDAH\Downloads\sitin-ci4\sitin-ci4\app\Controllers\TaskController.php(12): CodeIgniter\BaseModel->findAll()
#7 C:\Users\SITI NURWAHIDAH\Downloads\sitin-ci4\sitin-ci4\system\CodeIgniter.php(932): App\Controllers\TaskController->index()
#8 C:\Users\SITI NURWAHIDAH\Downloads\sitin-ci4\sitin-ci4\system\CodeIgniter.php(497): CodeIgniter\CodeIgniter->runController(Object(App\Controllers\TaskController))
#9 C:\Users\SITI NURWAHIDAH\Downloads\sitin-ci4\sitin-ci4\system\CodeIgniter.php(366): CodeIgniter\CodeIgniter->handleRequest(NULL, Object(Config\Cache), false)
#10 C:\Users\SITI NURWAHIDAH\Downloads\sitin-ci4\sitin-ci4\public\index.php(67): CodeIgniter\CodeIgniter->run()
#11 C:\Users\SITI NURWAHIDAH\Downloads\sitin-ci4\sitin-ci4\system\Commands\Server\rewrite.php(47): require_once('C:\\Users\\SITI N...')
#12 {main}

Next CodeIgniter\Database\Exceptions\DatabaseException: No connection could be made because the target machine actively refused it in C:\Users\SITI NURWAHIDAH\Downloads\sitin-ci4\sitin-ci4\system\Database\MySQLi\Connection.php:218
Stack trace:
#0 C:\Users\SITI NURWAHIDAH\Downloads\sitin-ci4\sitin-ci4\system\Database\BaseConnection.php(391): CodeIgniter\Database\MySQLi\Connection->connect(false)
#1 C:\Users\SITI NURWAHIDAH\Downloads\sitin-ci4\sitin-ci4\system\Database\BaseConnection.php(574): CodeIgniter\Database\BaseConnection->initialize()
#2 C:\Users\SITI NURWAHIDAH\Downloads\sitin-ci4\sitin-ci4\system\Database\BaseBuilder.php(1616): CodeIgniter\Database\BaseConnection->query('SELECT *\nFROM `...', Array, false)
#3 C:\Users\SITI NURWAHIDAH\Downloads\sitin-ci4\sitin-ci4\system\Model.php(241): CodeIgniter\Database\BaseBuilder->get()
#4 C:\Users\SITI NURWAHIDAH\Downloads\sitin-ci4\sitin-ci4\system\BaseModel.php(618): CodeIgniter\Model->doFindAll(0, 0)
#5 C:\Users\SITI NURWAHIDAH\Downloads\sitin-ci4\sitin-ci4\app\Controllers\TaskController.php(12): CodeIgniter\BaseModel->findAll()
#6 C:\Users\SITI NURWAHIDAH\Downloads\sitin-ci4\sitin-ci4\system\CodeIgniter.php(932): App\Controllers\TaskController->index()
#7 C:\Users\SITI NURWAHIDAH\Downloads\sitin-ci4\sitin-ci4\system\CodeIgniter.php(497): CodeIgniter\CodeIgniter->runController(Object(App\Controllers\TaskController))
#8 C:\Users\SITI NURWAHIDAH\Downloads\sitin-ci4\sitin-ci4\system\CodeIgniter.php(366): CodeIgniter\CodeIgniter->handleRequest(NULL, Object(Config\Cache), false)
#9 C:\Users\SITI NURWAHIDAH\Downloads\sitin-ci4\sitin-ci4\public\index.php(67): CodeIgniter\CodeIgniter->run()
#10 C:\Users\SITI NURWAHIDAH\Downloads\sitin-ci4\sitin-ci4\system\Commands\Server\rewrite.php(47): require_once('C:\\Users\\SITI N...')
#11 {main}
CRITICAL - 2024-07-10 10:01:32 --> Unable to connect to the database.
Main connection [MySQLi]: No connection could be made because the target machine actively refused it
in SYSTEMPATH\Database\BaseConnection.php on line 427.
 1 SYSTEMPATH\Database\BaseConnection.php(574): CodeIgniter\Database\BaseConnection->initialize()
 2 SYSTEMPATH\Database\BaseBuilder.php(1616): CodeIgniter\Database\BaseConnection->query('SELECT *
FROM `tasks`', [], false)
 3 SYSTEMPATH\Model.php(241): CodeIgniter\Database\BaseBuilder->get()
 4 SYSTEMPATH\BaseModel.php(618): CodeIgniter\Model->doFindAll(0, 0)
 5 APPPATH\Controllers\TaskController.php(12): CodeIgniter\BaseModel->findAll()
 6 SYSTEMPATH\CodeIgniter.php(932): App\Controllers\TaskController->index()
 7 SYSTEMPATH\CodeIgniter.php(497): CodeIgniter\CodeIgniter->runController(Object(App\Controllers\TaskController))
 8 SYSTEMPATH\CodeIgniter.php(366): CodeIgniter\CodeIgniter->handleRequest(null, Object(Config\Cache), false)
 9 FCPATH\index.php(67): CodeIgniter\CodeIgniter->run()
10 SYSTEMPATH\Commands\Server\rewrite.php(47): require_once('C:\\Users\\SITI NURWAHIDAH\\Downloads\\sitin-ci4\\sitin-ci4\\public\\index.php')
