ERROR - 2024-07-09 11:42:58 --> Error connecting to the database: mysqli_sql_exception: No connection could be made because the target machine actively refused it in C:\Users\SITI NURWAHIDAH\Downloads\sitin-ci4\sitin-ci4\system\Database\MySQLi\Connection.php:173
Stack trace:
#0 C:\Users\SITI NURWAHIDAH\Downloads\sitin-ci4\sitin-ci4\system\Database\MySQLi\Connection.php(173): mysqli->real_connect('localhost', 'root', Object(SensitiveParameterValue), 'cidb', 3306, '', 0)
#1 C:\Users\SITI NURWAHIDAH\Downloads\sitin-ci4\sitin-ci4\system\Database\BaseConnection.php(391): CodeIgniter\Database\MySQLi\Connection->connect(false)
#2 C:\Users\SITI NURWAHIDAH\Downloads\sitin-ci4\sitin-ci4\system\Database\BaseConnection.php(574): CodeIgniter\Database\BaseConnection->initialize()
#3 C:\Users\SITI NURWAHIDAH\Downloads\sitin-ci4\sitin-ci4\system\Database\BaseBuilder.php(1616): CodeIgniter\Database\BaseConnection->query('SELECT *\nFROM `...', Array, false)
#4 C:\Users\SITI NURWAHIDAH\Downloads\sitin-ci4\sitin-ci4\system\Model.php(241): CodeIgniter\Database\BaseBuilder->get()
#5 C:\Users\SITI NURWAHIDAH\Downloads\sitin-ci4\sitin-ci4\system\BaseModel.php(618): CodeIgniter\Model->doFindAll(0, 0)
#6 C:\Users\SITI NURWAHIDAH\Downloads\sitin-ci4\sitin-ci4\app\Controllers\TaskController.php(12): CodeIgniter\BaseModel->findAll()
#7 C:\Users\SITI NURWAHIDAH\Downloads\sitin-ci4\sitin-ci4\system\CodeIgniter.php(932): App\Controllers\TaskController->index()
#8 C:\Users\SITI NURWAHIDAH\Downloads\sitin-ci4\sitin-ci4\system\CodeIgniter.php(497): CodeIgniter\CodeIgniter->runController(Object(App\Controllers\TaskController))
#9 C:\Users\SITI NURWAHIDAH\Downloads\sitin-ci4\sitin-ci4\system\CodeIgniter.php(366): CodeIgniter\CodeIgniter->handleRequest(NULL, Object(Config\Cache), false)
#10 C:\Users\SITI NURWAHIDAH\Downloads\sitin-ci4\sitin-ci4\public\index.php(67): CodeIgniter\CodeIgniter->run()
#11 C:\Users\SITI NURWAHIDAH\Downloads\sitin-ci4\sitin-ci4\system\Commands\Server\rewrite.php(47): require_once('C:\\Users\\SITI N...')
#12 {main}

Next CodeIgniter\Database\Exceptions\DatabaseException: No connection could be made because the target machine actively refused it in C:\Users\SITI NURWAHIDAH\Downloads\sitin-ci4\sitin-ci4\system\Database\MySQLi\Connection.php:218
Stack trace:
#0 C:\Users\SITI NURWAHIDAH\Downloads\sitin-ci4\sitin-ci4\system\Database\BaseConnection.php(391): CodeIgniter\Database\MySQLi\Connection->connect(false)
#1 C:\Users\SITI NURWAHIDAH\Downloads\sitin-ci4\sitin-ci4\system\Database\BaseConnection.php(574): CodeIgniter\Database\BaseConnection->initialize()
#2 C:\Users\SITI NURWAHIDAH\Downloads\sitin-ci4\sitin-ci4\system\Database\BaseBuilder.php(1616): CodeIgniter\Database\BaseConnection->query('SELECT *\nFROM `...', Array, false)
#3 C:\Users\SITI NURWAHIDAH\Downloads\sitin-ci4\sitin-ci4\system\Model.php(241): CodeIgniter\Database\BaseBuilder->get()
#4 C:\Users\SITI NURWAHIDAH\Downloads\sitin-ci4\sitin-ci4\system\BaseModel.php(618): CodeIgniter\Model->doFindAll(0, 0)
#5 C:\Users\SITI NURWAHIDAH\Downloads\sitin-ci4\sitin-ci4\app\Controllers\TaskController.php(12): CodeIgniter\BaseModel->findAll()
#6 C:\Users\SITI NURWAHIDAH\Downloads\sitin-ci4\sitin-ci4\system\CodeIgniter.php(932): App\Controllers\TaskController->index()
#7 C:\Users\SITI NURWAHIDAH\Downloads\sitin-ci4\sitin-ci4\system\CodeIgniter.php(497): CodeIgniter\CodeIgniter->runController(Object(App\Controllers\TaskController))
#8 C:\Users\SITI NURWAHIDAH\Downloads\sitin-ci4\sitin-ci4\system\CodeIgniter.php(366): CodeIgniter\CodeIgniter->handleRequest(NULL, Object(Config\Cache), false)
#9 C:\Users\SITI NURWAHIDAH\Downloads\sitin-ci4\sitin-ci4\public\index.php(67): CodeIgniter\CodeIgniter->run()
#10 C:\Users\SITI NURWAHIDAH\Downloads\sitin-ci4\sitin-ci4\system\Commands\Server\rewrite.php(47): require_once('C:\\Users\\SITI N...')
#11 {main}
CRITICAL - 2024-07-09 11:42:58 --> Unable to connect to the database.
Main connection [MySQLi]: No connection could be made because the target machine actively refused it
in SYSTEMPATH\Database\BaseConnection.php on line 427.
 1 SYSTEMPATH\Database\BaseConnection.php(574): CodeIgniter\Database\BaseConnection->initialize()
 2 SYSTEMPATH\Database\BaseBuilder.php(1616): CodeIgniter\Database\BaseConnection->query('SELECT *
FROM `tasks`', [], false)
 3 SYSTEMPATH\Model.php(241): CodeIgniter\Database\BaseBuilder->get()
 4 SYSTEMPATH\BaseModel.php(618): CodeIgniter\Model->doFindAll(0, 0)
 5 APPPATH\Controllers\TaskController.php(12): CodeIgniter\BaseModel->findAll()
 6 SYSTEMPATH\CodeIgniter.php(932): App\Controllers\TaskController->index()
 7 SYSTEMPATH\CodeIgniter.php(497): CodeIgniter\CodeIgniter->runController(Object(App\Controllers\TaskController))
 8 SYSTEMPATH\CodeIgniter.php(366): CodeIgniter\CodeIgniter->handleRequest(null, Object(Config\Cache), false)
 9 FCPATH\index.php(67): CodeIgniter\CodeIgniter->run()
10 SYSTEMPATH\Commands\Server\rewrite.php(47): require_once('C:\\Users\\SITI NURWAHIDAH\\Downloads\\sitin-ci4\\sitin-ci4\\public\\index.php')
ERROR - 2024-07-09 11:46:49 --> mysqli_sql_exception: Table 'ci4.tasks' doesn't exist in C:\Users\SITI NURWAHIDAH\Downloads\sitin-ci4\sitin-ci4\system\Database\MySQLi\Connection.php:295
Stack trace:
#0 C:\Users\SITI NURWAHIDAH\Downloads\sitin-ci4\sitin-ci4\system\Database\MySQLi\Connection.php(295): mysqli->query('SELECT *\nFROM `...', 0)
#1 C:\Users\SITI NURWAHIDAH\Downloads\sitin-ci4\sitin-ci4\system\Database\BaseConnection.php(692): CodeIgniter\Database\MySQLi\Connection->execute('SELECT *\nFROM `...')
#2 C:\Users\SITI NURWAHIDAH\Downloads\sitin-ci4\sitin-ci4\system\Database\BaseConnection.php(606): CodeIgniter\Database\BaseConnection->simpleQuery('SELECT *\nFROM `...')
#3 C:\Users\SITI NURWAHIDAH\Downloads\sitin-ci4\sitin-ci4\system\Database\BaseBuilder.php(1616): CodeIgniter\Database\BaseConnection->query('SELECT *\nFROM `...', Array, false)
#4 C:\Users\SITI NURWAHIDAH\Downloads\sitin-ci4\sitin-ci4\system\Model.php(241): CodeIgniter\Database\BaseBuilder->get()
#5 C:\Users\SITI NURWAHIDAH\Downloads\sitin-ci4\sitin-ci4\system\BaseModel.php(618): CodeIgniter\Model->doFindAll(0, 0)
#6 C:\Users\SITI NURWAHIDAH\Downloads\sitin-ci4\sitin-ci4\app\Controllers\TaskController.php(12): CodeIgniter\BaseModel->findAll()
#7 C:\Users\SITI NURWAHIDAH\Downloads\sitin-ci4\sitin-ci4\system\CodeIgniter.php(932): App\Controllers\TaskController->index()
#8 C:\Users\SITI NURWAHIDAH\Downloads\sitin-ci4\sitin-ci4\system\CodeIgniter.php(497): CodeIgniter\CodeIgniter->runController(Object(App\Controllers\TaskController))
#9 C:\Users\SITI NURWAHIDAH\Downloads\sitin-ci4\sitin-ci4\system\CodeIgniter.php(366): CodeIgniter\CodeIgniter->handleRequest(NULL, Object(Config\Cache), false)
#10 C:\Users\SITI NURWAHIDAH\Downloads\sitin-ci4\sitin-ci4\public\index.php(67): CodeIgniter\CodeIgniter->run()
#11 C:\Users\SITI NURWAHIDAH\Downloads\sitin-ci4\sitin-ci4\system\Commands\Server\rewrite.php(47): require_once('C:\\Users\\SITI N...')
#12 {main}
CRITICAL - 2024-07-09 11:46:49 --> Table 'ci4.tasks' doesn't exist
in SYSTEMPATH\Database\MySQLi\Connection.php on line 295.
 1 SYSTEMPATH\Database\MySQLi\Connection.php(295): mysqli->query('SELECT *
FROM `tasks`', 0)
 2 SYSTEMPATH\Database\BaseConnection.php(692): CodeIgniter\Database\MySQLi\Connection->execute('SELECT *
FROM `tasks`')
 3 SYSTEMPATH\Database\BaseConnection.php(606): CodeIgniter\Database\BaseConnection->simpleQuery('SELECT *
FROM `tasks`')
 4 SYSTEMPATH\Database\BaseBuilder.php(1616): CodeIgniter\Database\BaseConnection->query('SELECT *
FROM `tasks`', [], false)
 5 SYSTEMPATH\Model.php(241): CodeIgniter\Database\BaseBuilder->get()
 6 SYSTEMPATH\BaseModel.php(618): CodeIgniter\Model->doFindAll(0, 0)
 7 APPPATH\Controllers\TaskController.php(12): CodeIgniter\BaseModel->findAll()
 8 SYSTEMPATH\CodeIgniter.php(932): App\Controllers\TaskController->index()
 9 SYSTEMPATH\CodeIgniter.php(497): CodeIgniter\CodeIgniter->runController(Object(App\Controllers\TaskController))
10 SYSTEMPATH\CodeIgniter.php(366): CodeIgniter\CodeIgniter->handleRequest(null, Object(Config\Cache), false)
11 FCPATH\index.php(67): CodeIgniter\CodeIgniter->run()
12 SYSTEMPATH\Commands\Server\rewrite.php(47): require_once('C:\\Users\\SITI NURWAHIDAH\\Downloads\\sitin-ci4\\sitin-ci4\\public\\index.php')
ERROR - 2024-07-09 11:50:21 --> mysqli_sql_exception: Table 'ci4.tasks' doesn't exist in C:\Users\SITI NURWAHIDAH\Downloads\sitin-ci4\sitin-ci4\system\Database\MySQLi\Connection.php:295
Stack trace:
#0 C:\Users\SITI NURWAHIDAH\Downloads\sitin-ci4\sitin-ci4\system\Database\MySQLi\Connection.php(295): mysqli->query('SELECT *\nFROM `...', 0)
#1 C:\Users\SITI NURWAHIDAH\Downloads\sitin-ci4\sitin-ci4\system\Database\BaseConnection.php(692): CodeIgniter\Database\MySQLi\Connection->execute('SELECT *\nFROM `...')
#2 C:\Users\SITI NURWAHIDAH\Downloads\sitin-ci4\sitin-ci4\system\Database\BaseConnection.php(606): CodeIgniter\Database\BaseConnection->simpleQuery('SELECT *\nFROM `...')
#3 C:\Users\SITI NURWAHIDAH\Downloads\sitin-ci4\sitin-ci4\system\Database\BaseBuilder.php(1616): CodeIgniter\Database\BaseConnection->query('SELECT *\nFROM `...', Array, false)
#4 C:\Users\SITI NURWAHIDAH\Downloads\sitin-ci4\sitin-ci4\system\Model.php(241): CodeIgniter\Database\BaseBuilder->get()
#5 C:\Users\SITI NURWAHIDAH\Downloads\sitin-ci4\sitin-ci4\system\BaseModel.php(618): CodeIgniter\Model->doFindAll(0, 0)
#6 C:\Users\SITI NURWAHIDAH\Downloads\sitin-ci4\sitin-ci4\app\Controllers\TaskController.php(12): CodeIgniter\BaseModel->findAll()
#7 C:\Users\SITI NURWAHIDAH\Downloads\sitin-ci4\sitin-ci4\system\CodeIgniter.php(932): App\Controllers\TaskController->index()
#8 C:\Users\SITI NURWAHIDAH\Downloads\sitin-ci4\sitin-ci4\system\CodeIgniter.php(497): CodeIgniter\CodeIgniter->runController(Object(App\Controllers\TaskController))
#9 C:\Users\SITI NURWAHIDAH\Downloads\sitin-ci4\sitin-ci4\system\CodeIgniter.php(366): CodeIgniter\CodeIgniter->handleRequest(NULL, Object(Config\Cache), false)
#10 C:\Users\SITI NURWAHIDAH\Downloads\sitin-ci4\sitin-ci4\public\index.php(67): CodeIgniter\CodeIgniter->run()
#11 C:\Users\SITI NURWAHIDAH\Downloads\sitin-ci4\sitin-ci4\system\Commands\Server\rewrite.php(47): require_once('C:\\Users\\SITI N...')
#12 {main}
CRITICAL - 2024-07-09 11:50:21 --> Table 'ci4.tasks' doesn't exist
in SYSTEMPATH\Database\MySQLi\Connection.php on line 295.
 1 SYSTEMPATH\Database\MySQLi\Connection.php(295): mysqli->query('SELECT *
FROM `tasks`', 0)
 2 SYSTEMPATH\Database\BaseConnection.php(692): CodeIgniter\Database\MySQLi\Connection->execute('SELECT *
FROM `tasks`')
 3 SYSTEMPATH\Database\BaseConnection.php(606): CodeIgniter\Database\BaseConnection->simpleQuery('SELECT *
FROM `tasks`')
 4 SYSTEMPATH\Database\BaseBuilder.php(1616): CodeIgniter\Database\BaseConnection->query('SELECT *
FROM `tasks`', [], false)
 5 SYSTEMPATH\Model.php(241): CodeIgniter\Database\BaseBuilder->get()
 6 SYSTEMPATH\BaseModel.php(618): CodeIgniter\Model->doFindAll(0, 0)
 7 APPPATH\Controllers\TaskController.php(12): CodeIgniter\BaseModel->findAll()
 8 SYSTEMPATH\CodeIgniter.php(932): App\Controllers\TaskController->index()
 9 SYSTEMPATH\CodeIgniter.php(497): CodeIgniter\CodeIgniter->runController(Object(App\Controllers\TaskController))
10 SYSTEMPATH\CodeIgniter.php(366): CodeIgniter\CodeIgniter->handleRequest(null, Object(Config\Cache), false)
11 FCPATH\index.php(67): CodeIgniter\CodeIgniter->run()
12 SYSTEMPATH\Commands\Server\rewrite.php(47): require_once('C:\\Users\\SITI NURWAHIDAH\\Downloads\\sitin-ci4\\sitin-ci4\\public\\index.php')
ERROR - 2024-07-09 11:50:23 --> mysqli_sql_exception: Table 'ci4.tasks' doesn't exist in C:\Users\SITI NURWAHIDAH\Downloads\sitin-ci4\sitin-ci4\system\Database\MySQLi\Connection.php:295
Stack trace:
#0 C:\Users\SITI NURWAHIDAH\Downloads\sitin-ci4\sitin-ci4\system\Database\MySQLi\Connection.php(295): mysqli->query('SELECT *\nFROM `...', 0)
#1 C:\Users\SITI NURWAHIDAH\Downloads\sitin-ci4\sitin-ci4\system\Database\BaseConnection.php(692): CodeIgniter\Database\MySQLi\Connection->execute('SELECT *\nFROM `...')
#2 C:\Users\SITI NURWAHIDAH\Downloads\sitin-ci4\sitin-ci4\system\Database\BaseConnection.php(606): CodeIgniter\Database\BaseConnection->simpleQuery('SELECT *\nFROM `...')
#3 C:\Users\SITI NURWAHIDAH\Downloads\sitin-ci4\sitin-ci4\system\Database\BaseBuilder.php(1616): CodeIgniter\Database\BaseConnection->query('SELECT *\nFROM `...', Array, false)
#4 C:\Users\SITI NURWAHIDAH\Downloads\sitin-ci4\sitin-ci4\system\Model.php(241): CodeIgniter\Database\BaseBuilder->get()
#5 C:\Users\SITI NURWAHIDAH\Downloads\sitin-ci4\sitin-ci4\system\BaseModel.php(618): CodeIgniter\Model->doFindAll(0, 0)
#6 C:\Users\SITI NURWAHIDAH\Downloads\sitin-ci4\sitin-ci4\app\Controllers\TaskController.php(12): CodeIgniter\BaseModel->findAll()
#7 C:\Users\SITI NURWAHIDAH\Downloads\sitin-ci4\sitin-ci4\system\CodeIgniter.php(932): App\Controllers\TaskController->index()
#8 C:\Users\SITI NURWAHIDAH\Downloads\sitin-ci4\sitin-ci4\system\CodeIgniter.php(497): CodeIgniter\CodeIgniter->runController(Object(App\Controllers\TaskController))
#9 C:\Users\SITI NURWAHIDAH\Downloads\sitin-ci4\sitin-ci4\system\CodeIgniter.php(366): CodeIgniter\CodeIgniter->handleRequest(NULL, Object(Config\Cache), false)
#10 C:\Users\SITI NURWAHIDAH\Downloads\sitin-ci4\sitin-ci4\public\index.php(67): CodeIgniter\CodeIgniter->run()
#11 C:\Users\SITI NURWAHIDAH\Downloads\sitin-ci4\sitin-ci4\system\Commands\Server\rewrite.php(47): require_once('C:\\Users\\SITI N...')
#12 {main}
CRITICAL - 2024-07-09 11:50:23 --> Table 'ci4.tasks' doesn't exist
in SYSTEMPATH\Database\MySQLi\Connection.php on line 295.
 1 SYSTEMPATH\Database\MySQLi\Connection.php(295): mysqli->query('SELECT *
FROM `tasks`', 0)
 2 SYSTEMPATH\Database\BaseConnection.php(692): CodeIgniter\Database\MySQLi\Connection->execute('SELECT *
FROM `tasks`')
 3 SYSTEMPATH\Database\BaseConnection.php(606): CodeIgniter\Database\BaseConnection->simpleQuery('SELECT *
FROM `tasks`')
 4 SYSTEMPATH\Database\BaseBuilder.php(1616): CodeIgniter\Database\BaseConnection->query('SELECT *
FROM `tasks`', [], false)
 5 SYSTEMPATH\Model.php(241): CodeIgniter\Database\BaseBuilder->get()
 6 SYSTEMPATH\BaseModel.php(618): CodeIgniter\Model->doFindAll(0, 0)
 7 APPPATH\Controllers\TaskController.php(12): CodeIgniter\BaseModel->findAll()
 8 SYSTEMPATH\CodeIgniter.php(932): App\Controllers\TaskController->index()
 9 SYSTEMPATH\CodeIgniter.php(497): CodeIgniter\CodeIgniter->runController(Object(App\Controllers\TaskController))
10 SYSTEMPATH\CodeIgniter.php(366): CodeIgniter\CodeIgniter->handleRequest(null, Object(Config\Cache), false)
11 FCPATH\index.php(67): CodeIgniter\CodeIgniter->run()
12 SYSTEMPATH\Commands\Server\rewrite.php(47): require_once('C:\\Users\\SITI NURWAHIDAH\\Downloads\\sitin-ci4\\sitin-ci4\\public\\index.php')
ERROR - 2024-07-09 11:50:24 --> mysqli_sql_exception: Table 'ci4.tasks' doesn't exist in C:\Users\SITI NURWAHIDAH\Downloads\sitin-ci4\sitin-ci4\system\Database\MySQLi\Connection.php:295
Stack trace:
#0 C:\Users\SITI NURWAHIDAH\Downloads\sitin-ci4\sitin-ci4\system\Database\MySQLi\Connection.php(295): mysqli->query('SELECT *\nFROM `...', 0)
#1 C:\Users\SITI NURWAHIDAH\Downloads\sitin-ci4\sitin-ci4\system\Database\BaseConnection.php(692): CodeIgniter\Database\MySQLi\Connection->execute('SELECT *\nFROM `...')
#2 C:\Users\SITI NURWAHIDAH\Downloads\sitin-ci4\sitin-ci4\system\Database\BaseConnection.php(606): CodeIgniter\Database\BaseConnection->simpleQuery('SELECT *\nFROM `...')
#3 C:\Users\SITI NURWAHIDAH\Downloads\sitin-ci4\sitin-ci4\system\Database\BaseBuilder.php(1616): CodeIgniter\Database\BaseConnection->query('SELECT *\nFROM `...', Array, false)
#4 C:\Users\SITI NURWAHIDAH\Downloads\sitin-ci4\sitin-ci4\system\Model.php(241): CodeIgniter\Database\BaseBuilder->get()
#5 C:\Users\SITI NURWAHIDAH\Downloads\sitin-ci4\sitin-ci4\system\BaseModel.php(618): CodeIgniter\Model->doFindAll(0, 0)
#6 C:\Users\SITI NURWAHIDAH\Downloads\sitin-ci4\sitin-ci4\app\Controllers\TaskController.php(12): CodeIgniter\BaseModel->findAll()
#7 C:\Users\SITI NURWAHIDAH\Downloads\sitin-ci4\sitin-ci4\system\CodeIgniter.php(932): App\Controllers\TaskController->index()
#8 C:\Users\SITI NURWAHIDAH\Downloads\sitin-ci4\sitin-ci4\system\CodeIgniter.php(497): CodeIgniter\CodeIgniter->runController(Object(App\Controllers\TaskController))
#9 C:\Users\SITI NURWAHIDAH\Downloads\sitin-ci4\sitin-ci4\system\CodeIgniter.php(366): CodeIgniter\CodeIgniter->handleRequest(NULL, Object(Config\Cache), false)
#10 C:\Users\SITI NURWAHIDAH\Downloads\sitin-ci4\sitin-ci4\public\index.php(67): CodeIgniter\CodeIgniter->run()
#11 C:\Users\SITI NURWAHIDAH\Downloads\sitin-ci4\sitin-ci4\system\Commands\Server\rewrite.php(47): require_once('C:\\Users\\SITI N...')
#12 {main}
CRITICAL - 2024-07-09 11:50:24 --> Table 'ci4.tasks' doesn't exist
in SYSTEMPATH\Database\MySQLi\Connection.php on line 295.
 1 SYSTEMPATH\Database\MySQLi\Connection.php(295): mysqli->query('SELECT *
FROM `tasks`', 0)
 2 SYSTEMPATH\Database\BaseConnection.php(692): CodeIgniter\Database\MySQLi\Connection->execute('SELECT *
FROM `tasks`')
 3 SYSTEMPATH\Database\BaseConnection.php(606): CodeIgniter\Database\BaseConnection->simpleQuery('SELECT *
FROM `tasks`')
 4 SYSTEMPATH\Database\BaseBuilder.php(1616): CodeIgniter\Database\BaseConnection->query('SELECT *
FROM `tasks`', [], false)
 5 SYSTEMPATH\Model.php(241): CodeIgniter\Database\BaseBuilder->get()
 6 SYSTEMPATH\BaseModel.php(618): CodeIgniter\Model->doFindAll(0, 0)
 7 APPPATH\Controllers\TaskController.php(12): CodeIgniter\BaseModel->findAll()
 8 SYSTEMPATH\CodeIgniter.php(932): App\Controllers\TaskController->index()
 9 SYSTEMPATH\CodeIgniter.php(497): CodeIgniter\CodeIgniter->runController(Object(App\Controllers\TaskController))
10 SYSTEMPATH\CodeIgniter.php(366): CodeIgniter\CodeIgniter->handleRequest(null, Object(Config\Cache), false)
11 FCPATH\index.php(67): CodeIgniter\CodeIgniter->run()
12 SYSTEMPATH\Commands\Server\rewrite.php(47): require_once('C:\\Users\\SITI NURWAHIDAH\\Downloads\\sitin-ci4\\sitin-ci4\\public\\index.php')
ERROR - 2024-07-09 11:50:24 --> mysqli_sql_exception: Table 'ci4.tasks' doesn't exist in C:\Users\SITI NURWAHIDAH\Downloads\sitin-ci4\sitin-ci4\system\Database\MySQLi\Connection.php:295
Stack trace:
#0 C:\Users\SITI NURWAHIDAH\Downloads\sitin-ci4\sitin-ci4\system\Database\MySQLi\Connection.php(295): mysqli->query('SELECT *\nFROM `...', 0)
#1 C:\Users\SITI NURWAHIDAH\Downloads\sitin-ci4\sitin-ci4\system\Database\BaseConnection.php(692): CodeIgniter\Database\MySQLi\Connection->execute('SELECT *\nFROM `...')
#2 C:\Users\SITI NURWAHIDAH\Downloads\sitin-ci4\sitin-ci4\system\Database\BaseConnection.php(606): CodeIgniter\Database\BaseConnection->simpleQuery('SELECT *\nFROM `...')
#3 C:\Users\SITI NURWAHIDAH\Downloads\sitin-ci4\sitin-ci4\system\Database\BaseBuilder.php(1616): CodeIgniter\Database\BaseConnection->query('SELECT *\nFROM `...', Array, false)
#4 C:\Users\SITI NURWAHIDAH\Downloads\sitin-ci4\sitin-ci4\system\Model.php(241): CodeIgniter\Database\BaseBuilder->get()
#5 C:\Users\SITI NURWAHIDAH\Downloads\sitin-ci4\sitin-ci4\system\BaseModel.php(618): CodeIgniter\Model->doFindAll(0, 0)
#6 C:\Users\SITI NURWAHIDAH\Downloads\sitin-ci4\sitin-ci4\app\Controllers\TaskController.php(12): CodeIgniter\BaseModel->findAll()
#7 C:\Users\SITI NURWAHIDAH\Downloads\sitin-ci4\sitin-ci4\system\CodeIgniter.php(932): App\Controllers\TaskController->index()
#8 C:\Users\SITI NURWAHIDAH\Downloads\sitin-ci4\sitin-ci4\system\CodeIgniter.php(497): CodeIgniter\CodeIgniter->runController(Object(App\Controllers\TaskController))
#9 C:\Users\SITI NURWAHIDAH\Downloads\sitin-ci4\sitin-ci4\system\CodeIgniter.php(366): CodeIgniter\CodeIgniter->handleRequest(NULL, Object(Config\Cache), false)
#10 C:\Users\SITI NURWAHIDAH\Downloads\sitin-ci4\sitin-ci4\public\index.php(67): CodeIgniter\CodeIgniter->run()
#11 C:\Users\SITI NURWAHIDAH\Downloads\sitin-ci4\sitin-ci4\system\Commands\Server\rewrite.php(47): require_once('C:\\Users\\SITI N...')
#12 {main}
CRITICAL - 2024-07-09 11:50:24 --> Table 'ci4.tasks' doesn't exist
in SYSTEMPATH\Database\MySQLi\Connection.php on line 295.
 1 SYSTEMPATH\Database\MySQLi\Connection.php(295): mysqli->query('SELECT *
FROM `tasks`', 0)
 2 SYSTEMPATH\Database\BaseConnection.php(692): CodeIgniter\Database\MySQLi\Connection->execute('SELECT *
FROM `tasks`')
 3 SYSTEMPATH\Database\BaseConnection.php(606): CodeIgniter\Database\BaseConnection->simpleQuery('SELECT *
FROM `tasks`')
 4 SYSTEMPATH\Database\BaseBuilder.php(1616): CodeIgniter\Database\BaseConnection->query('SELECT *
FROM `tasks`', [], false)
 5 SYSTEMPATH\Model.php(241): CodeIgniter\Database\BaseBuilder->get()
 6 SYSTEMPATH\BaseModel.php(618): CodeIgniter\Model->doFindAll(0, 0)
 7 APPPATH\Controllers\TaskController.php(12): CodeIgniter\BaseModel->findAll()
 8 SYSTEMPATH\CodeIgniter.php(932): App\Controllers\TaskController->index()
 9 SYSTEMPATH\CodeIgniter.php(497): CodeIgniter\CodeIgniter->runController(Object(App\Controllers\TaskController))
10 SYSTEMPATH\CodeIgniter.php(366): CodeIgniter\CodeIgniter->handleRequest(null, Object(Config\Cache), false)
11 FCPATH\index.php(67): CodeIgniter\CodeIgniter->run()
12 SYSTEMPATH\Commands\Server\rewrite.php(47): require_once('C:\\Users\\SITI NURWAHIDAH\\Downloads\\sitin-ci4\\sitin-ci4\\public\\index.php')
ERROR - 2024-07-09 11:50:25 --> mysqli_sql_exception: Table 'ci4.tasks' doesn't exist in C:\Users\SITI NURWAHIDAH\Downloads\sitin-ci4\sitin-ci4\system\Database\MySQLi\Connection.php:295
Stack trace:
#0 C:\Users\SITI NURWAHIDAH\Downloads\sitin-ci4\sitin-ci4\system\Database\MySQLi\Connection.php(295): mysqli->query('SELECT *\nFROM `...', 0)
#1 C:\Users\SITI NURWAHIDAH\Downloads\sitin-ci4\sitin-ci4\system\Database\BaseConnection.php(692): CodeIgniter\Database\MySQLi\Connection->execute('SELECT *\nFROM `...')
#2 C:\Users\SITI NURWAHIDAH\Downloads\sitin-ci4\sitin-ci4\system\Database\BaseConnection.php(606): CodeIgniter\Database\BaseConnection->simpleQuery('SELECT *\nFROM `...')
#3 C:\Users\SITI NURWAHIDAH\Downloads\sitin-ci4\sitin-ci4\system\Database\BaseBuilder.php(1616): CodeIgniter\Database\BaseConnection->query('SELECT *\nFROM `...', Array, false)
#4 C:\Users\SITI NURWAHIDAH\Downloads\sitin-ci4\sitin-ci4\system\Model.php(241): CodeIgniter\Database\BaseBuilder->get()
#5 C:\Users\SITI NURWAHIDAH\Downloads\sitin-ci4\sitin-ci4\system\BaseModel.php(618): CodeIgniter\Model->doFindAll(0, 0)
#6 C:\Users\SITI NURWAHIDAH\Downloads\sitin-ci4\sitin-ci4\app\Controllers\TaskController.php(12): CodeIgniter\BaseModel->findAll()
#7 C:\Users\SITI NURWAHIDAH\Downloads\sitin-ci4\sitin-ci4\system\CodeIgniter.php(932): App\Controllers\TaskController->index()
#8 C:\Users\SITI NURWAHIDAH\Downloads\sitin-ci4\sitin-ci4\system\CodeIgniter.php(497): CodeIgniter\CodeIgniter->runController(Object(App\Controllers\TaskController))
#9 C:\Users\SITI NURWAHIDAH\Downloads\sitin-ci4\sitin-ci4\system\CodeIgniter.php(366): CodeIgniter\CodeIgniter->handleRequest(NULL, Object(Config\Cache), false)
#10 C:\Users\SITI NURWAHIDAH\Downloads\sitin-ci4\sitin-ci4\public\index.php(67): CodeIgniter\CodeIgniter->run()
#11 C:\Users\SITI NURWAHIDAH\Downloads\sitin-ci4\sitin-ci4\system\Commands\Server\rewrite.php(47): require_once('C:\\Users\\SITI N...')
#12 {main}
CRITICAL - 2024-07-09 11:50:25 --> Table 'ci4.tasks' doesn't exist
in SYSTEMPATH\Database\MySQLi\Connection.php on line 295.
 1 SYSTEMPATH\Database\MySQLi\Connection.php(295): mysqli->query('SELECT *
FROM `tasks`', 0)
 2 SYSTEMPATH\Database\BaseConnection.php(692): CodeIgniter\Database\MySQLi\Connection->execute('SELECT *
FROM `tasks`')
 3 SYSTEMPATH\Database\BaseConnection.php(606): CodeIgniter\Database\BaseConnection->simpleQuery('SELECT *
FROM `tasks`')
 4 SYSTEMPATH\Database\BaseBuilder.php(1616): CodeIgniter\Database\BaseConnection->query('SELECT *
FROM `tasks`', [], false)
 5 SYSTEMPATH\Model.php(241): CodeIgniter\Database\BaseBuilder->get()
 6 SYSTEMPATH\BaseModel.php(618): CodeIgniter\Model->doFindAll(0, 0)
 7 APPPATH\Controllers\TaskController.php(12): CodeIgniter\BaseModel->findAll()
 8 SYSTEMPATH\CodeIgniter.php(932): App\Controllers\TaskController->index()
 9 SYSTEMPATH\CodeIgniter.php(497): CodeIgniter\CodeIgniter->runController(Object(App\Controllers\TaskController))
10 SYSTEMPATH\CodeIgniter.php(366): CodeIgniter\CodeIgniter->handleRequest(null, Object(Config\Cache), false)
11 FCPATH\index.php(67): CodeIgniter\CodeIgniter->run()
12 SYSTEMPATH\Commands\Server\rewrite.php(47): require_once('C:\\Users\\SITI NURWAHIDAH\\Downloads\\sitin-ci4\\sitin-ci4\\public\\index.php')
ERROR - 2024-07-09 11:50:25 --> mysqli_sql_exception: Table 'ci4.tasks' doesn't exist in C:\Users\SITI NURWAHIDAH\Downloads\sitin-ci4\sitin-ci4\system\Database\MySQLi\Connection.php:295
Stack trace:
#0 C:\Users\SITI NURWAHIDAH\Downloads\sitin-ci4\sitin-ci4\system\Database\MySQLi\Connection.php(295): mysqli->query('SELECT *\nFROM `...', 0)
#1 C:\Users\SITI NURWAHIDAH\Downloads\sitin-ci4\sitin-ci4\system\Database\BaseConnection.php(692): CodeIgniter\Database\MySQLi\Connection->execute('SELECT *\nFROM `...')
#2 C:\Users\SITI NURWAHIDAH\Downloads\sitin-ci4\sitin-ci4\system\Database\BaseConnection.php(606): CodeIgniter\Database\BaseConnection->simpleQuery('SELECT *\nFROM `...')
#3 C:\Users\SITI NURWAHIDAH\Downloads\sitin-ci4\sitin-ci4\system\Database\BaseBuilder.php(1616): CodeIgniter\Database\BaseConnection->query('SELECT *\nFROM `...', Array, false)
#4 C:\Users\SITI NURWAHIDAH\Downloads\sitin-ci4\sitin-ci4\system\Model.php(241): CodeIgniter\Database\BaseBuilder->get()
#5 C:\Users\SITI NURWAHIDAH\Downloads\sitin-ci4\sitin-ci4\system\BaseModel.php(618): CodeIgniter\Model->doFindAll(0, 0)
#6 C:\Users\SITI NURWAHIDAH\Downloads\sitin-ci4\sitin-ci4\app\Controllers\TaskController.php(12): CodeIgniter\BaseModel->findAll()
#7 C:\Users\SITI NURWAHIDAH\Downloads\sitin-ci4\sitin-ci4\system\CodeIgniter.php(932): App\Controllers\TaskController->index()
#8 C:\Users\SITI NURWAHIDAH\Downloads\sitin-ci4\sitin-ci4\system\CodeIgniter.php(497): CodeIgniter\CodeIgniter->runController(Object(App\Controllers\TaskController))
#9 C:\Users\SITI NURWAHIDAH\Downloads\sitin-ci4\sitin-ci4\system\CodeIgniter.php(366): CodeIgniter\CodeIgniter->handleRequest(NULL, Object(Config\Cache), false)
#10 C:\Users\SITI NURWAHIDAH\Downloads\sitin-ci4\sitin-ci4\public\index.php(67): CodeIgniter\CodeIgniter->run()
#11 C:\Users\SITI NURWAHIDAH\Downloads\sitin-ci4\sitin-ci4\system\Commands\Server\rewrite.php(47): require_once('C:\\Users\\SITI N...')
#12 {main}
CRITICAL - 2024-07-09 11:50:25 --> Table 'ci4.tasks' doesn't exist
in SYSTEMPATH\Database\MySQLi\Connection.php on line 295.
 1 SYSTEMPATH\Database\MySQLi\Connection.php(295): mysqli->query('SELECT *
FROM `tasks`', 0)
 2 SYSTEMPATH\Database\BaseConnection.php(692): CodeIgniter\Database\MySQLi\Connection->execute('SELECT *
FROM `tasks`')
 3 SYSTEMPATH\Database\BaseConnection.php(606): CodeIgniter\Database\BaseConnection->simpleQuery('SELECT *
FROM `tasks`')
 4 SYSTEMPATH\Database\BaseBuilder.php(1616): CodeIgniter\Database\BaseConnection->query('SELECT *
FROM `tasks`', [], false)
 5 SYSTEMPATH\Model.php(241): CodeIgniter\Database\BaseBuilder->get()
 6 SYSTEMPATH\BaseModel.php(618): CodeIgniter\Model->doFindAll(0, 0)
 7 APPPATH\Controllers\TaskController.php(12): CodeIgniter\BaseModel->findAll()
 8 SYSTEMPATH\CodeIgniter.php(932): App\Controllers\TaskController->index()
 9 SYSTEMPATH\CodeIgniter.php(497): CodeIgniter\CodeIgniter->runController(Object(App\Controllers\TaskController))
10 SYSTEMPATH\CodeIgniter.php(366): CodeIgniter\CodeIgniter->handleRequest(null, Object(Config\Cache), false)
11 FCPATH\index.php(67): CodeIgniter\CodeIgniter->run()
12 SYSTEMPATH\Commands\Server\rewrite.php(47): require_once('C:\\Users\\SITI NURWAHIDAH\\Downloads\\sitin-ci4\\sitin-ci4\\public\\index.php')
ERROR - 2024-07-09 12:02:35 --> Error connecting to the database: mysqli_sql_exception: Access denied for user 'root'@'localhost' (using password: YES) in C:\Users\SITI NURWAHIDAH\Downloads\sitin-ci4\sitin-ci4\system\Database\MySQLi\Connection.php:173
Stack trace:
#0 C:\Users\SITI NURWAHIDAH\Downloads\sitin-ci4\sitin-ci4\system\Database\MySQLi\Connection.php(173): mysqli->real_connect('localhost', 'root', Object(SensitiveParameterValue), 'ci4', 3306, '', 0)
#1 C:\Users\SITI NURWAHIDAH\Downloads\sitin-ci4\sitin-ci4\system\Database\BaseConnection.php(391): CodeIgniter\Database\MySQLi\Connection->connect(false)
#2 C:\Users\SITI NURWAHIDAH\Downloads\sitin-ci4\sitin-ci4\system\Database\BaseConnection.php(574): CodeIgniter\Database\BaseConnection->initialize()
#3 C:\Users\SITI NURWAHIDAH\Downloads\sitin-ci4\sitin-ci4\system\Database\BaseBuilder.php(1616): CodeIgniter\Database\BaseConnection->query('SELECT *\nFROM `...', Array, false)
#4 C:\Users\SITI NURWAHIDAH\Downloads\sitin-ci4\sitin-ci4\system\Model.php(241): CodeIgniter\Database\BaseBuilder->get()
#5 C:\Users\SITI NURWAHIDAH\Downloads\sitin-ci4\sitin-ci4\system\BaseModel.php(618): CodeIgniter\Model->doFindAll(0, 0)
#6 C:\Users\SITI NURWAHIDAH\Downloads\sitin-ci4\sitin-ci4\app\Controllers\TaskController.php(12): CodeIgniter\BaseModel->findAll()
#7 C:\Users\SITI NURWAHIDAH\Downloads\sitin-ci4\sitin-ci4\system\CodeIgniter.php(932): App\Controllers\TaskController->index()
#8 C:\Users\SITI NURWAHIDAH\Downloads\sitin-ci4\sitin-ci4\system\CodeIgniter.php(497): CodeIgniter\CodeIgniter->runController(Object(App\Controllers\TaskController))
#9 C:\Users\SITI NURWAHIDAH\Downloads\sitin-ci4\sitin-ci4\system\CodeIgniter.php(366): CodeIgniter\CodeIgniter->handleRequest(NULL, Object(Config\Cache), false)
#10 C:\Users\SITI NURWAHIDAH\Downloads\sitin-ci4\sitin-ci4\public\index.php(67): CodeIgniter\CodeIgniter->run()
#11 C:\Users\SITI NURWAHIDAH\Downloads\sitin-ci4\sitin-ci4\system\Commands\Server\rewrite.php(47): require_once('C:\\Users\\SITI N...')
#12 {main}

Next CodeIgniter\Database\Exceptions\DatabaseException: Access denied for user '****'@'localhost' (using password: YES) in C:\Users\SITI NURWAHIDAH\Downloads\sitin-ci4\sitin-ci4\system\Database\MySQLi\Connection.php:218
Stack trace:
#0 C:\Users\SITI NURWAHIDAH\Downloads\sitin-ci4\sitin-ci4\system\Database\BaseConnection.php(391): CodeIgniter\Database\MySQLi\Connection->connect(false)
#1 C:\Users\SITI NURWAHIDAH\Downloads\sitin-ci4\sitin-ci4\system\Database\BaseConnection.php(574): CodeIgniter\Database\BaseConnection->initialize()
#2 C:\Users\SITI NURWAHIDAH\Downloads\sitin-ci4\sitin-ci4\system\Database\BaseBuilder.php(1616): CodeIgniter\Database\BaseConnection->query('SELECT *\nFROM `...', Array, false)
#3 C:\Users\SITI NURWAHIDAH\Downloads\sitin-ci4\sitin-ci4\system\Model.php(241): CodeIgniter\Database\BaseBuilder->get()
#4 C:\Users\SITI NURWAHIDAH\Downloads\sitin-ci4\sitin-ci4\system\BaseModel.php(618): CodeIgniter\Model->doFindAll(0, 0)
#5 C:\Users\SITI NURWAHIDAH\Downloads\sitin-ci4\sitin-ci4\app\Controllers\TaskController.php(12): CodeIgniter\BaseModel->findAll()
#6 C:\Users\SITI NURWAHIDAH\Downloads\sitin-ci4\sitin-ci4\system\CodeIgniter.php(932): App\Controllers\TaskController->index()
#7 C:\Users\SITI NURWAHIDAH\Downloads\sitin-ci4\sitin-ci4\system\CodeIgniter.php(497): CodeIgniter\CodeIgniter->runController(Object(App\Controllers\TaskController))
#8 C:\Users\SITI NURWAHIDAH\Downloads\sitin-ci4\sitin-ci4\system\CodeIgniter.php(366): CodeIgniter\CodeIgniter->handleRequest(NULL, Object(Config\Cache), false)
#9 C:\Users\SITI NURWAHIDAH\Downloads\sitin-ci4\sitin-ci4\public\index.php(67): CodeIgniter\CodeIgniter->run()
#10 C:\Users\SITI NURWAHIDAH\Downloads\sitin-ci4\sitin-ci4\system\Commands\Server\rewrite.php(47): require_once('C:\\Users\\SITI N...')
#11 {main}
CRITICAL - 2024-07-09 12:02:35 --> Unable to connect to the database.
Main connection [MySQLi]: Access denied for user '****'@'localhost' (using password: YES)
in SYSTEMPATH\Database\BaseConnection.php on line 427.
 1 SYSTEMPATH\Database\BaseConnection.php(574): CodeIgniter\Database\BaseConnection->initialize()
 2 SYSTEMPATH\Database\BaseBuilder.php(1616): CodeIgniter\Database\BaseConnection->query('SELECT *
FROM `tasks`', [], false)
 3 SYSTEMPATH\Model.php(241): CodeIgniter\Database\BaseBuilder->get()
 4 SYSTEMPATH\BaseModel.php(618): CodeIgniter\Model->doFindAll(0, 0)
 5 APPPATH\Controllers\TaskController.php(12): CodeIgniter\BaseModel->findAll()
 6 SYSTEMPATH\CodeIgniter.php(932): App\Controllers\TaskController->index()
 7 SYSTEMPATH\CodeIgniter.php(497): CodeIgniter\CodeIgniter->runController(Object(App\Controllers\TaskController))
 8 SYSTEMPATH\CodeIgniter.php(366): CodeIgniter\CodeIgniter->handleRequest(null, Object(Config\Cache), false)
 9 FCPATH\index.php(67): CodeIgniter\CodeIgniter->run()
10 SYSTEMPATH\Commands\Server\rewrite.php(47): require_once('C:\\Users\\SITI NURWAHIDAH\\Downloads\\sitin-ci4\\sitin-ci4\\public\\index.php')
ERROR - 2024-07-09 12:04:13 --> mysqli_sql_exception: Table 'ci4.tasks' doesn't exist in C:\Users\SITI NURWAHIDAH\Downloads\sitin-ci4\sitin-ci4\system\Database\MySQLi\Connection.php:295
Stack trace:
#0 C:\Users\SITI NURWAHIDAH\Downloads\sitin-ci4\sitin-ci4\system\Database\MySQLi\Connection.php(295): mysqli->query('SELECT *\nFROM `...', 0)
#1 C:\Users\SITI NURWAHIDAH\Downloads\sitin-ci4\sitin-ci4\system\Database\BaseConnection.php(692): CodeIgniter\Database\MySQLi\Connection->execute('SELECT *\nFROM `...')
#2 C:\Users\SITI NURWAHIDAH\Downloads\sitin-ci4\sitin-ci4\system\Database\BaseConnection.php(606): CodeIgniter\Database\BaseConnection->simpleQuery('SELECT *\nFROM `...')
#3 C:\Users\SITI NURWAHIDAH\Downloads\sitin-ci4\sitin-ci4\system\Database\BaseBuilder.php(1616): CodeIgniter\Database\BaseConnection->query('SELECT *\nFROM `...', Array, false)
#4 C:\Users\SITI NURWAHIDAH\Downloads\sitin-ci4\sitin-ci4\system\Model.php(241): CodeIgniter\Database\BaseBuilder->get()
#5 C:\Users\SITI NURWAHIDAH\Downloads\sitin-ci4\sitin-ci4\system\BaseModel.php(618): CodeIgniter\Model->doFindAll(0, 0)
#6 C:\Users\SITI NURWAHIDAH\Downloads\sitin-ci4\sitin-ci4\app\Controllers\TaskController.php(12): CodeIgniter\BaseModel->findAll()
#7 C:\Users\SITI NURWAHIDAH\Downloads\sitin-ci4\sitin-ci4\system\CodeIgniter.php(932): App\Controllers\TaskController->index()
#8 C:\Users\SITI NURWAHIDAH\Downloads\sitin-ci4\sitin-ci4\system\CodeIgniter.php(497): CodeIgniter\CodeIgniter->runController(Object(App\Controllers\TaskController))
#9 C:\Users\SITI NURWAHIDAH\Downloads\sitin-ci4\sitin-ci4\system\CodeIgniter.php(366): CodeIgniter\CodeIgniter->handleRequest(NULL, Object(Config\Cache), false)
#10 C:\Users\SITI NURWAHIDAH\Downloads\sitin-ci4\sitin-ci4\public\index.php(67): CodeIgniter\CodeIgniter->run()
#11 C:\Users\SITI NURWAHIDAH\Downloads\sitin-ci4\sitin-ci4\system\Commands\Server\rewrite.php(47): require_once('C:\\Users\\SITI N...')
#12 {main}
CRITICAL - 2024-07-09 12:04:13 --> Table 'ci4.tasks' doesn't exist
in SYSTEMPATH\Database\MySQLi\Connection.php on line 295.
 1 SYSTEMPATH\Database\MySQLi\Connection.php(295): mysqli->query('SELECT *
FROM `tasks`', 0)
 2 SYSTEMPATH\Database\BaseConnection.php(692): CodeIgniter\Database\MySQLi\Connection->execute('SELECT *
FROM `tasks`')
 3 SYSTEMPATH\Database\BaseConnection.php(606): CodeIgniter\Database\BaseConnection->simpleQuery('SELECT *
FROM `tasks`')
 4 SYSTEMPATH\Database\BaseBuilder.php(1616): CodeIgniter\Database\BaseConnection->query('SELECT *
FROM `tasks`', [], false)
 5 SYSTEMPATH\Model.php(241): CodeIgniter\Database\BaseBuilder->get()
 6 SYSTEMPATH\BaseModel.php(618): CodeIgniter\Model->doFindAll(0, 0)
 7 APPPATH\Controllers\TaskController.php(12): CodeIgniter\BaseModel->findAll()
 8 SYSTEMPATH\CodeIgniter.php(932): App\Controllers\TaskController->index()
 9 SYSTEMPATH\CodeIgniter.php(497): CodeIgniter\CodeIgniter->runController(Object(App\Controllers\TaskController))
10 SYSTEMPATH\CodeIgniter.php(366): CodeIgniter\CodeIgniter->handleRequest(null, Object(Config\Cache), false)
11 FCPATH\index.php(67): CodeIgniter\CodeIgniter->run()
12 SYSTEMPATH\Commands\Server\rewrite.php(47): require_once('C:\\Users\\SITI NURWAHIDAH\\Downloads\\sitin-ci4\\sitin-ci4\\public\\index.php')
ERROR - 2024-07-09 12:05:52 --> mysqli_sql_exception: Table 'ci4.tasks' doesn't exist in C:\Users\SITI NURWAHIDAH\Downloads\sitin-ci4\sitin-ci4\system\Database\MySQLi\Connection.php:295
Stack trace:
#0 C:\Users\SITI NURWAHIDAH\Downloads\sitin-ci4\sitin-ci4\system\Database\MySQLi\Connection.php(295): mysqli->query('SELECT *\nFROM `...', 0)
#1 C:\Users\SITI NURWAHIDAH\Downloads\sitin-ci4\sitin-ci4\system\Database\BaseConnection.php(692): CodeIgniter\Database\MySQLi\Connection->execute('SELECT *\nFROM `...')
#2 C:\Users\SITI NURWAHIDAH\Downloads\sitin-ci4\sitin-ci4\system\Database\BaseConnection.php(606): CodeIgniter\Database\BaseConnection->simpleQuery('SELECT *\nFROM `...')
#3 C:\Users\SITI NURWAHIDAH\Downloads\sitin-ci4\sitin-ci4\system\Database\BaseBuilder.php(1616): CodeIgniter\Database\BaseConnection->query('SELECT *\nFROM `...', Array, false)
#4 C:\Users\SITI NURWAHIDAH\Downloads\sitin-ci4\sitin-ci4\system\Model.php(241): CodeIgniter\Database\BaseBuilder->get()
#5 C:\Users\SITI NURWAHIDAH\Downloads\sitin-ci4\sitin-ci4\system\BaseModel.php(618): CodeIgniter\Model->doFindAll(0, 0)
#6 C:\Users\SITI NURWAHIDAH\Downloads\sitin-ci4\sitin-ci4\app\Controllers\TaskController.php(12): CodeIgniter\BaseModel->findAll()
#7 C:\Users\SITI NURWAHIDAH\Downloads\sitin-ci4\sitin-ci4\system\CodeIgniter.php(932): App\Controllers\TaskController->index()
#8 C:\Users\SITI NURWAHIDAH\Downloads\sitin-ci4\sitin-ci4\system\CodeIgniter.php(497): CodeIgniter\CodeIgniter->runController(Object(App\Controllers\TaskController))
#9 C:\Users\SITI NURWAHIDAH\Downloads\sitin-ci4\sitin-ci4\system\CodeIgniter.php(366): CodeIgniter\CodeIgniter->handleRequest(NULL, Object(Config\Cache), false)
#10 C:\Users\SITI NURWAHIDAH\Downloads\sitin-ci4\sitin-ci4\public\index.php(67): CodeIgniter\CodeIgniter->run()
#11 C:\Users\SITI NURWAHIDAH\Downloads\sitin-ci4\sitin-ci4\system\Commands\Server\rewrite.php(47): require_once('C:\\Users\\SITI N...')
#12 {main}
CRITICAL - 2024-07-09 12:05:52 --> Table 'ci4.tasks' doesn't exist
in SYSTEMPATH\Database\MySQLi\Connection.php on line 295.
 1 SYSTEMPATH\Database\MySQLi\Connection.php(295): mysqli->query('SELECT *
FROM `tasks`', 0)
 2 SYSTEMPATH\Database\BaseConnection.php(692): CodeIgniter\Database\MySQLi\Connection->execute('SELECT *
FROM `tasks`')
 3 SYSTEMPATH\Database\BaseConnection.php(606): CodeIgniter\Database\BaseConnection->simpleQuery('SELECT *
FROM `tasks`')
 4 SYSTEMPATH\Database\BaseBuilder.php(1616): CodeIgniter\Database\BaseConnection->query('SELECT *
FROM `tasks`', [], false)
 5 SYSTEMPATH\Model.php(241): CodeIgniter\Database\BaseBuilder->get()
 6 SYSTEMPATH\BaseModel.php(618): CodeIgniter\Model->doFindAll(0, 0)
 7 APPPATH\Controllers\TaskController.php(12): CodeIgniter\BaseModel->findAll()
 8 SYSTEMPATH\CodeIgniter.php(932): App\Controllers\TaskController->index()
 9 SYSTEMPATH\CodeIgniter.php(497): CodeIgniter\CodeIgniter->runController(Object(App\Controllers\TaskController))
10 SYSTEMPATH\CodeIgniter.php(366): CodeIgniter\CodeIgniter->handleRequest(null, Object(Config\Cache), false)
11 FCPATH\index.php(67): CodeIgniter\CodeIgniter->run()
12 SYSTEMPATH\Commands\Server\rewrite.php(47): require_once('C:\\Users\\SITI NURWAHIDAH\\Downloads\\sitin-ci4\\sitin-ci4\\public\\index.php')
ERROR - 2024-07-09 12:05:54 --> mysqli_sql_exception: Table 'ci4.tasks' doesn't exist in C:\Users\SITI NURWAHIDAH\Downloads\sitin-ci4\sitin-ci4\system\Database\MySQLi\Connection.php:295
Stack trace:
#0 C:\Users\SITI NURWAHIDAH\Downloads\sitin-ci4\sitin-ci4\system\Database\MySQLi\Connection.php(295): mysqli->query('SELECT *\nFROM `...', 0)
#1 C:\Users\SITI NURWAHIDAH\Downloads\sitin-ci4\sitin-ci4\system\Database\BaseConnection.php(692): CodeIgniter\Database\MySQLi\Connection->execute('SELECT *\nFROM `...')
#2 C:\Users\SITI NURWAHIDAH\Downloads\sitin-ci4\sitin-ci4\system\Database\BaseConnection.php(606): CodeIgniter\Database\BaseConnection->simpleQuery('SELECT *\nFROM `...')
#3 C:\Users\SITI NURWAHIDAH\Downloads\sitin-ci4\sitin-ci4\system\Database\BaseBuilder.php(1616): CodeIgniter\Database\BaseConnection->query('SELECT *\nFROM `...', Array, false)
#4 C:\Users\SITI NURWAHIDAH\Downloads\sitin-ci4\sitin-ci4\system\Model.php(241): CodeIgniter\Database\BaseBuilder->get()
#5 C:\Users\SITI NURWAHIDAH\Downloads\sitin-ci4\sitin-ci4\system\BaseModel.php(618): CodeIgniter\Model->doFindAll(0, 0)
#6 C:\Users\SITI NURWAHIDAH\Downloads\sitin-ci4\sitin-ci4\app\Controllers\TaskController.php(12): CodeIgniter\BaseModel->findAll()
#7 C:\Users\SITI NURWAHIDAH\Downloads\sitin-ci4\sitin-ci4\system\CodeIgniter.php(932): App\Controllers\TaskController->index()
#8 C:\Users\SITI NURWAHIDAH\Downloads\sitin-ci4\sitin-ci4\system\CodeIgniter.php(497): CodeIgniter\CodeIgniter->runController(Object(App\Controllers\TaskController))
#9 C:\Users\SITI NURWAHIDAH\Downloads\sitin-ci4\sitin-ci4\system\CodeIgniter.php(366): CodeIgniter\CodeIgniter->handleRequest(NULL, Object(Config\Cache), false)
#10 C:\Users\SITI NURWAHIDAH\Downloads\sitin-ci4\sitin-ci4\public\index.php(67): CodeIgniter\CodeIgniter->run()
#11 C:\Users\SITI NURWAHIDAH\Downloads\sitin-ci4\sitin-ci4\system\Commands\Server\rewrite.php(47): require_once('C:\\Users\\SITI N...')
#12 {main}
CRITICAL - 2024-07-09 12:05:54 --> Table 'ci4.tasks' doesn't exist
in SYSTEMPATH\Database\MySQLi\Connection.php on line 295.
 1 SYSTEMPATH\Database\MySQLi\Connection.php(295): mysqli->query('SELECT *
FROM `tasks`', 0)
 2 SYSTEMPATH\Database\BaseConnection.php(692): CodeIgniter\Database\MySQLi\Connection->execute('SELECT *
FROM `tasks`')
 3 SYSTEMPATH\Database\BaseConnection.php(606): CodeIgniter\Database\BaseConnection->simpleQuery('SELECT *
FROM `tasks`')
 4 SYSTEMPATH\Database\BaseBuilder.php(1616): CodeIgniter\Database\BaseConnection->query('SELECT *
FROM `tasks`', [], false)
 5 SYSTEMPATH\Model.php(241): CodeIgniter\Database\BaseBuilder->get()
 6 SYSTEMPATH\BaseModel.php(618): CodeIgniter\Model->doFindAll(0, 0)
 7 APPPATH\Controllers\TaskController.php(12): CodeIgniter\BaseModel->findAll()
 8 SYSTEMPATH\CodeIgniter.php(932): App\Controllers\TaskController->index()
 9 SYSTEMPATH\CodeIgniter.php(497): CodeIgniter\CodeIgniter->runController(Object(App\Controllers\TaskController))
10 SYSTEMPATH\CodeIgniter.php(366): CodeIgniter\CodeIgniter->handleRequest(null, Object(Config\Cache), false)
11 FCPATH\index.php(67): CodeIgniter\CodeIgniter->run()
12 SYSTEMPATH\Commands\Server\rewrite.php(47): require_once('C:\\Users\\SITI NURWAHIDAH\\Downloads\\sitin-ci4\\sitin-ci4\\public\\index.php')
ERROR - 2024-07-09 12:05:55 --> mysqli_sql_exception: Table 'ci4.tasks' doesn't exist in C:\Users\SITI NURWAHIDAH\Downloads\sitin-ci4\sitin-ci4\system\Database\MySQLi\Connection.php:295
Stack trace:
#0 C:\Users\SITI NURWAHIDAH\Downloads\sitin-ci4\sitin-ci4\system\Database\MySQLi\Connection.php(295): mysqli->query('SELECT *\nFROM `...', 0)
#1 C:\Users\SITI NURWAHIDAH\Downloads\sitin-ci4\sitin-ci4\system\Database\BaseConnection.php(692): CodeIgniter\Database\MySQLi\Connection->execute('SELECT *\nFROM `...')
#2 C:\Users\SITI NURWAHIDAH\Downloads\sitin-ci4\sitin-ci4\system\Database\BaseConnection.php(606): CodeIgniter\Database\BaseConnection->simpleQuery('SELECT *\nFROM `...')
#3 C:\Users\SITI NURWAHIDAH\Downloads\sitin-ci4\sitin-ci4\system\Database\BaseBuilder.php(1616): CodeIgniter\Database\BaseConnection->query('SELECT *\nFROM `...', Array, false)
#4 C:\Users\SITI NURWAHIDAH\Downloads\sitin-ci4\sitin-ci4\system\Model.php(241): CodeIgniter\Database\BaseBuilder->get()
#5 C:\Users\SITI NURWAHIDAH\Downloads\sitin-ci4\sitin-ci4\system\BaseModel.php(618): CodeIgniter\Model->doFindAll(0, 0)
#6 C:\Users\SITI NURWAHIDAH\Downloads\sitin-ci4\sitin-ci4\app\Controllers\TaskController.php(12): CodeIgniter\BaseModel->findAll()
#7 C:\Users\SITI NURWAHIDAH\Downloads\sitin-ci4\sitin-ci4\system\CodeIgniter.php(932): App\Controllers\TaskController->index()
#8 C:\Users\SITI NURWAHIDAH\Downloads\sitin-ci4\sitin-ci4\system\CodeIgniter.php(497): CodeIgniter\CodeIgniter->runController(Object(App\Controllers\TaskController))
#9 C:\Users\SITI NURWAHIDAH\Downloads\sitin-ci4\sitin-ci4\system\CodeIgniter.php(366): CodeIgniter\CodeIgniter->handleRequest(NULL, Object(Config\Cache), false)
#10 C:\Users\SITI NURWAHIDAH\Downloads\sitin-ci4\sitin-ci4\public\index.php(67): CodeIgniter\CodeIgniter->run()
#11 C:\Users\SITI NURWAHIDAH\Downloads\sitin-ci4\sitin-ci4\system\Commands\Server\rewrite.php(47): require_once('C:\\Users\\SITI N...')
#12 {main}
CRITICAL - 2024-07-09 12:05:55 --> Table 'ci4.tasks' doesn't exist
in SYSTEMPATH\Database\MySQLi\Connection.php on line 295.
 1 SYSTEMPATH\Database\MySQLi\Connection.php(295): mysqli->query('SELECT *
FROM `tasks`', 0)
 2 SYSTEMPATH\Database\BaseConnection.php(692): CodeIgniter\Database\MySQLi\Connection->execute('SELECT *
FROM `tasks`')
 3 SYSTEMPATH\Database\BaseConnection.php(606): CodeIgniter\Database\BaseConnection->simpleQuery('SELECT *
FROM `tasks`')
 4 SYSTEMPATH\Database\BaseBuilder.php(1616): CodeIgniter\Database\BaseConnection->query('SELECT *
FROM `tasks`', [], false)
 5 SYSTEMPATH\Model.php(241): CodeIgniter\Database\BaseBuilder->get()
 6 SYSTEMPATH\BaseModel.php(618): CodeIgniter\Model->doFindAll(0, 0)
 7 APPPATH\Controllers\TaskController.php(12): CodeIgniter\BaseModel->findAll()
 8 SYSTEMPATH\CodeIgniter.php(932): App\Controllers\TaskController->index()
 9 SYSTEMPATH\CodeIgniter.php(497): CodeIgniter\CodeIgniter->runController(Object(App\Controllers\TaskController))
10 SYSTEMPATH\CodeIgniter.php(366): CodeIgniter\CodeIgniter->handleRequest(null, Object(Config\Cache), false)
11 FCPATH\index.php(67): CodeIgniter\CodeIgniter->run()
12 SYSTEMPATH\Commands\Server\rewrite.php(47): require_once('C:\\Users\\SITI NURWAHIDAH\\Downloads\\sitin-ci4\\sitin-ci4\\public\\index.php')
CRITICAL - 2024-07-09 14:49:53 --> Attempt to read property "sitName" on null
in APPPATH\Controllers\Home.php on line 10.
 1 APPPATH\Controllers\Home.php(10): CodeIgniter\Debug\Exceptions->errorHandler(2, 'Attempt to read property "sitName" on null', 'C:\\Users\\SITI NURWAHIDAH\\Downloads\\sitin-ci4\\sitin-ci4\\app\\Controllers\\Home.php', 10)
 2 SYSTEMPATH\CodeIgniter.php(932): App\Controllers\Home->index()
 3 SYSTEMPATH\CodeIgniter.php(497): CodeIgniter\CodeIgniter->runController(Object(App\Controllers\Home))
 4 SYSTEMPATH\CodeIgniter.php(366): CodeIgniter\CodeIgniter->handleRequest(null, Object(Config\Cache), false)
 5 FCPATH\index.php(67): CodeIgniter\CodeIgniter->run()
 6 SYSTEMPATH\Commands\Server\rewrite.php(47): require_once('C:\\Users\\SITI NURWAHIDAH\\Downloads\\sitin-ci4\\sitin-ci4\\public\\index.php')
CRITICAL - 2024-07-09 15:01:49 --> Undefined property: Config\Mysite::$sitName
in APPPATH\Controllers\Home.php on line 10.
 1 APPPATH\Controllers\Home.php(10): CodeIgniter\Debug\Exceptions->errorHandler(2, 'Undefined property: Config\\Mysite::$sitName', 'C:\\Users\\SITI NURWAHIDAH\\Downloads\\sitin-ci4\\sitin-ci4\\app\\Controllers\\Home.php', 10)
 2 SYSTEMPATH\CodeIgniter.php(932): App\Controllers\Home->index()
 3 SYSTEMPATH\CodeIgniter.php(497): CodeIgniter\CodeIgniter->runController(Object(App\Controllers\Home))
 4 SYSTEMPATH\CodeIgniter.php(366): CodeIgniter\CodeIgniter->handleRequest(null, Object(Config\Cache), false)
 5 FCPATH\index.php(67): CodeIgniter\CodeIgniter->run()
 6 SYSTEMPATH\Commands\Server\rewrite.php(47): require_once('C:\\Users\\SITI NURWAHIDAH\\Downloads\\sitin-ci4\\sitin-ci4\\public\\index.php')
CRITICAL - 2024-07-09 15:01:53 --> Undefined property: Config\Mysite::$sitName
in APPPATH\Controllers\Home.php on line 10.
 1 APPPATH\Controllers\Home.php(10): CodeIgniter\Debug\Exceptions->errorHandler(2, 'Undefined property: Config\\Mysite::$sitName', 'C:\\Users\\SITI NURWAHIDAH\\Downloads\\sitin-ci4\\sitin-ci4\\app\\Controllers\\Home.php', 10)
 2 SYSTEMPATH\CodeIgniter.php(932): App\Controllers\Home->index()
 3 SYSTEMPATH\CodeIgniter.php(497): CodeIgniter\CodeIgniter->runController(Object(App\Controllers\Home))
 4 SYSTEMPATH\CodeIgniter.php(366): CodeIgniter\CodeIgniter->handleRequest(null, Object(Config\Cache), false)
 5 FCPATH\index.php(67): CodeIgniter\CodeIgniter->run()
 6 SYSTEMPATH\Commands\Server\rewrite.php(47): require_once('C:\\Users\\SITI NURWAHIDAH\\Downloads\\sitin-ci4\\sitin-ci4\\public\\index.php')
CRITICAL - 2024-07-09 15:03:11 --> Undefined property: Config\Mysite::$sitName
in APPPATH\Controllers\Home.php on line 10.
 1 APPPATH\Controllers\Home.php(10): CodeIgniter\Debug\Exceptions->errorHandler(2, 'Undefined property: Config\\Mysite::$sitName', 'C:\\Users\\SITI NURWAHIDAH\\Downloads\\sitin-ci4\\sitin-ci4\\app\\Controllers\\Home.php', 10)
 2 SYSTEMPATH\CodeIgniter.php(932): App\Controllers\Home->index()
 3 SYSTEMPATH\CodeIgniter.php(497): CodeIgniter\CodeIgniter->runController(Object(App\Controllers\Home))
 4 SYSTEMPATH\CodeIgniter.php(366): CodeIgniter\CodeIgniter->handleRequest(null, Object(Config\Cache), false)
 5 FCPATH\index.php(67): CodeIgniter\CodeIgniter->run()
 6 SYSTEMPATH\Commands\Server\rewrite.php(47): require_once('C:\\Users\\SITI NURWAHIDAH\\Downloads\\sitin-ci4\\sitin-ci4\\public\\index.php')
CRITICAL - 2024-07-09 15:09:11 --> Invalid file: "tasks.php"
in SYSTEMPATH\Exceptions\FrameworkException.php on line 33.
 1 SYSTEMPATH\View\View.php(212): CodeIgniter\Exceptions\FrameworkException::forInvalidFile('tasks.php')
 2 SYSTEMPATH\Common.php(1176): CodeIgniter\View\View->render('tasks', [], true)
 3 APPPATH\Controllers\TaskController.php(20): view('tasks', [...])
 4 SYSTEMPATH\CodeIgniter.php(932): App\Controllers\TaskController->index()
 5 SYSTEMPATH\CodeIgniter.php(497): CodeIgniter\CodeIgniter->runController(Object(App\Controllers\TaskController))
 6 SYSTEMPATH\CodeIgniter.php(366): CodeIgniter\CodeIgniter->handleRequest(null, Object(Config\Cache), false)
 7 FCPATH\index.php(67): CodeIgniter\CodeIgniter->run()
 8 SYSTEMPATH\Commands\Server\rewrite.php(47): require_once('C:\\Users\\SITI NURWAHIDAH\\Downloads\\sitin-ci4\\sitin-ci4\\public\\index.php')
